<?xml version="1.0" encoding="UTF-8" ?>
<testsuite tests="24" failures="0" name="portaltech.test.acceptance.APIAcceptanceTest" time="0.008" errors="0" skipped="0">
  <properties>
[...]
</properties>
  <testcase classname="| United Kingdom | London | Europe | Northern Europe | British |" name="Given /rest/v1/all supports GET requests" time="0.003"/>
  <testcase classname="| United Kingdom | London | Europe | Northern Europe | British |" name="When a GET request is made to /rest/v1/all" time="0"/>
  <testcase classname="| United Kingdom | London | Europe | Northern Europe | British |" name="Then the status code returned should be 200" time="0"/>
  <testcase classname="| United Kingdom | London | Europe | Northern Europe | British |" name="And the response returned should adhere to the countries JSON schema" time="0.001"/>
  <testcase classname="| United Kingdom | London | Europe | Northern Europe | British |" name="And the country named &quot;United Kingdom&quot; should have the following values:" time="0"/>
  <testcase classname="| United Kingdom | London | Europe | Northern Europe | British |" name="| United Kingdom | London | Europe | Northern Europe | British |" time="0.001"/>
  <testcase classname="Scenario: GET to the /rest/v1/all endpoint to get all the countries of the world." name="Given /rest/v1/all supports GET requests" time="0"/>
  <testcase classname="Scenario: GET to the /rest/v1/all endpoint to get all the countries of the world." name="When a GET request is made to /rest/v1/all" time="0"/>
  <testcase classname="Scenario: GET to the /rest/v1/all endpoint to get all the countries of the world." name="Then the status code returned should be 200" time="0"/>
  <testcase classname="Scenario: GET to the /rest/v1/all endpoint to get all the countries of the world." name="And the response returned should adhere to the countries JSON schema" time="0"/>
  <testcase classname="Scenario: GET to the /rest/v1/all endpoint to get all the countries of the world." name="And there should be 250 countries returned" time="0"/>
  <testcase classname="Scenario: GET to the /rest/v1/all endpoint to get all the countries of the world." name="Scenario: GET to the /rest/v1/all endpoint to get all the countries of the world." time="0.001"/>
  <testcase classname="Scenario: PUT to the /rest/v1/all endpoint should return a 405" name="Given /rest/v1/all does not support PUT requests" time="0"/>
  <testcase classname="Scenario: PUT to the /rest/v1/all endpoint should return a 405" name="When a PUT request is made to /rest/v1/all" time="0"/>
  <testcase classname="Scenario: PUT to the /rest/v1/all endpoint should return a 405" name="Then the status code returned should be 405" time="0"/>
  <testcase classname="Scenario: PUT to the /rest/v1/all endpoint should return a 405" name="Scenario: PUT to the /rest/v1/all endpoint should return a 405" time="0"/>
  <testcase classname="Scenario: POST to the /rest/v1/all endpoint should return a 405" name="Given /rest/v1/all does not support POST requests" time="0"/>
  <testcase classname="Scenario: POST to the /rest/v1/all endpoint should return a 405" name="When a POST request is made to /rest/v1/all" time="0.001"/>
  <testcase classname="Scenario: POST to the /rest/v1/all endpoint should return a 405" name="Then the status code returned should be 405" time="0"/>
  <testcase classname="Scenario: POST to the /rest/v1/all endpoint should return a 405" name="Scenario: POST to the /rest/v1/all endpoint should return a 405" time="0.001"/>
  <testcase classname="Scenario: DELETE to the /rest/v1/all endpoint should return a 405" name="Given /rest/v1/all does not support DELETE requests" time="0"/>
  <testcase classname="Scenario: DELETE to the /rest/v1/all endpoint should return a 405" name="When a DELETE request is made to /rest/v1/all" time="0"/>
  <testcase classname="Scenario: DELETE to the /rest/v1/all endpoint should return a 405" name="Then the status code returned should be 405" time="0"/>
  <testcase classname="Scenario: DELETE to the /rest/v1/all endpoint should return a 405" name="Scenario: DELETE to the /rest/v1/all endpoint should return a 405" time="0"/>
</testsuite>